Using pre-set license
Built from '2020.3/staging' branch; Version is '2020.3.26f1 (7298b473bc1a) revision 7510196'; Using compiler version '192528614'; Build Type 'Release'
OS: 'Windows 10  (10.0.19044) 64bit Professional' Language: 'es' Physical Memory: 32684 MB
BatchMode: 1, IsHumanControllingUs: 0, StartBugReporterOnCrash: 0, Is64bit: 1, IsPro: 0

COMMAND LINE ARGUMENTS:
C:\Program Files\Unity\Hub\Editor\2020.3.26f1\Editor\Unity.exe
-adb2
-batchMode
-noUpm
-name
AssetImportWorker0
-projectPath
C:/Users/adria/Documents/Adrian/10mo.semestre/VR/Ulsa-Pokemon
-logFile
Logs/AssetImportWorker0.log
-srvPort
58565
Successfully changed project path to: C:/Users/adria/Documents/Adrian/10mo.semestre/VR/Ulsa-Pokemon
C:/Users/adria/Documents/Adrian/10mo.semestre/VR/Ulsa-Pokemon
Using Asset Import Pipeline V2.
Refreshing native plugins compatible for Editor in 59.37 ms, found 5 plugins.
Preloading 0 native plugins for Editor in 0.00 ms.
Initialize engine version: 2020.3.26f1 (7298b473bc1a)
[Subsystems] Discovering subsystems at path C:/Program Files/Unity/Hub/Editor/2020.3.26f1/Editor/Data/Resources/UnitySubsystems
[Subsystems] Discovering subsystems at path C:/Users/adria/Documents/Adrian/10mo.semestre/VR/Ulsa-Pokemon/Assets
GfxDevice: creating device client; threaded=0
Direct3D:
    Version:  Direct3D 11.0 [level 11.1]
    Renderer: NVIDIA GeForce RTX 3060 (ID=0x2503)
    Vendor:   
    VRAM:     12142 MB
    Driver:   30.0.15.1215
Initialize mono
Mono path[0] = 'C:/Program Files/Unity/Hub/Editor/2020.3.26f1/Editor/Data/Managed'
Mono path[1] = 'C:/Program Files/Unity/Hub/Editor/2020.3.26f1/Editor/Data/MonoBleedingEdge/lib/mono/unityjit'
Mono config path = 'C:/Program Files/Unity/Hub/Editor/2020.3.26f1/Editor/Data/MonoBleedingEdge/etc'
Using monoOptions --debugger-agent=transport=dt_socket,embedding=1,server=y,suspend=n,address=127.0.0.1:56908
Begin MonoManager ReloadAssembly
Registering precompiled unity dll's ...
Register platform support module: C:/Program Files/Unity/Hub/Editor/2020.3.26f1/Editor/Data/PlaybackEngines/WindowsStandaloneSupport/UnityEditor.WindowsStandalone.Extensions.dll
Registered in 0.001652 seconds.
Native extension for WindowsStandalone target not found
Refreshing native plugins compatible for Editor in 46.22 ms, found 5 plugins.
Preloading 0 native plugins for Editor in 0.00 ms.
Mono: successfully reloaded assembly
- Completed reload, in  0.476 seconds
Domain Reload Profiling:
	ReloadAssembly (476ms)
		BeginReloadAssembly (42ms)
			ExecutionOrderSort (0ms)
			DisableScriptedObjects (0ms)
			BackupInstance (0ms)
			ReleaseScriptingObjects (0ms)
			CreateAndSetChildDomain (1ms)
		EndReloadAssembly (371ms)
			LoadAssemblies (40ms)
			RebuildTransferFunctionScriptingTraits (0ms)
			SetupTypeCache (120ms)
			ReleaseScriptCaches (0ms)
			RebuildScriptCaches (25ms)
			SetupLoadedEditorAssemblies (145ms)
				LogAssemblyErrors (0ms)
				InitializePlatformSupportModulesInManaged (4ms)
				SetLoadedEditorAssemblies (0ms)
				RefreshPlugins (46ms)
				BeforeProcessingInitializeOnLoad (10ms)
				ProcessInitializeOnLoadAttributes (62ms)
				ProcessInitializeOnLoadMethodAttributes (22ms)
				AfterProcessingInitializeOnLoad (0ms)
				EditorAssembliesLoaded (0ms)
			ExecutionOrderSort2 (0ms)
			AwakeInstancesAfterBackupRestoration (0ms)
Platform modules already initialized, skipping
Registering precompiled user dll's ...
Registered in 0.009604 seconds.
Begin MonoManager ReloadAssembly
Native extension for WindowsStandalone target not found
Refreshing native plugins compatible for Editor in 45.97 ms, found 5 plugins.
Preloading 0 native plugins for Editor in 0.00 ms.
Mono: successfully reloaded assembly
- Completed reload, in  0.921 seconds
Domain Reload Profiling:
	ReloadAssembly (921ms)
		BeginReloadAssembly (117ms)
			ExecutionOrderSort (0ms)
			DisableScriptedObjects (4ms)
			BackupInstance (0ms)
			ReleaseScriptingObjects (0ms)
			CreateAndSetChildDomain (17ms)
		EndReloadAssembly (752ms)
			LoadAssemblies (74ms)
			RebuildTransferFunctionScriptingTraits (0ms)
			SetupTypeCache (248ms)
			ReleaseScriptCaches (1ms)
			RebuildScriptCaches (44ms)
			SetupLoadedEditorAssemblies (281ms)
				LogAssemblyErrors (0ms)
				InitializePlatformSupportModulesInManaged (3ms)
				SetLoadedEditorAssemblies (0ms)
				RefreshPlugins (46ms)
				BeforeProcessingInitializeOnLoad (74ms)
				ProcessInitializeOnLoadAttributes (145ms)
				ProcessInitializeOnLoadMethodAttributes (7ms)
				AfterProcessingInitializeOnLoad (5ms)
				EditorAssembliesLoaded (0ms)
			ExecutionOrderSort2 (0ms)
			AwakeInstancesAfterBackupRestoration (5ms)
Platform modules already initialized, skipping
========================================================================
Worker process is ready to serve import requests
Launched and connected shader compiler UnityShaderCompiler.exe after 0.04 seconds
Refreshing native plugins compatible for Editor in 1.02 ms, found 5 plugins.
Preloading 0 native plugins for Editor in 0.00 ms.
Unloading 2630 Unused Serialized files (Serialized files now loaded: 0)
System memory in use before: 106.6 MB.
System memory in use after: 106.7 MB.

Unloading 75 unused Assets to reduce memory usage. Loaded Objects now: 3010.
Total: 3.108500 ms (FindLiveObjects: 0.226000 ms CreateObjectMapping: 0.064400 ms MarkObjects: 2.710600 ms  DeleteObjects: 0.106700 ms)

AssetImportParameters requested are different than current active one (requested -> active):
  custom:framework-win-MediaFoundation: 216162199b28c13a410421893ffa2e32 -> 
  custom:video-decoder-ogg-theora: a1e56fd34408186e4bbccfd4996cb3dc -> 
  custom:container-muxer-webm: aa71ff27fc2769a1b78a27578f13a17b -> 
  custom:container-demuxer-webm: 4f35f7cbe854078d1ac9338744f61a02 -> 
  custom:container-demuxer-ogg: 62fdf1f143b41e24485cea50d1cbac27 -> 
  custom:video-encoder-webm-vp8: eb34c28f22e8b96e1ab97ce403110664 -> 
  custom:video-decoder-webm-vp8: 9c59270c3fd7afecdb556c50c9e8de78 -> 
  custom:audio-decoder-ogg-vorbis: bf7c407c2cedff20999df2af8eb42d56 -> 
  custom:audio-encoder-webm-vorbis: bf7c407c2cedff20999df2af8eb42d56 -> 
========================================================================
Received Import Request.
  path: Assets/Mapbox/MapBox  SDK
  artifactKey: Guid(fb50395666883164b996f963fda8e1de) Importer(815301076,1909f56bfc062723c751e8b465ee728b)
Start importing Assets/Mapbox/MapBox  SDK using Guid(fb50395666883164b996f963fda8e1de) Importer(815301076,1909f56bfc062723c751e8b465ee728b)  -> (artifact id: '0834e5199c970cf4b2e4503bc28bb6c9') in 0.005316 seconds 
  Import took 0.008502 seconds .

========================================================================
Received Import Request.
  Time since last request: 38.984471 seconds.
  path: Assets
  artifactKey: Guid(00000000000000001000000000000000) Importer(815301076,1909f56bfc062723c751e8b465ee728b)
Start importing Assets using Guid(00000000000000001000000000000000) Importer(815301076,1909f56bfc062723c751e8b465ee728b)  -> (artifact id: '42d402b061de3733987d63b9cc3b64de') in 0.002612 seconds 
  Import took 0.006159 seconds .

========================================================================
Received Import Request.
  Time since last request: 30.188280 seconds.
  path: Assets/Mapbox SDK
  artifactKey: Guid(2d57dada1c1315948a3979ac47547889) Importer(815301076,1909f56bfc062723c751e8b465ee728b)
Start importing Assets/Mapbox SDK using Guid(2d57dada1c1315948a3979ac47547889) Importer(815301076,1909f56bfc062723c751e8b465ee728b)  -> (artifact id: '527e3466c295a063f477a4445730218b') in 0.002706 seconds 
  Import took 0.006342 seconds .

========================================================================
Received Import Request.
  Time since last request: 1.949454 seconds.
  path: Assets/GoogleARCore
  artifactKey: Guid(74e4fcdb05c15f743842e3280864e8b1) Importer(815301076,1909f56bfc062723c751e8b465ee728b)
Start importing Assets/GoogleARCore using Guid(74e4fcdb05c15f743842e3280864e8b1) Importer(815301076,1909f56bfc062723c751e8b465ee728b)  -> (artifact id: 'f521b5ab2db985e70e5277b8edd473a7') in 0.002690 seconds 
  Import took 0.006305 seconds .

========================================================================
Received Prepare
Registering precompiled user dll's ...
Registered in 0.009887 seconds.
Begin MonoManager ReloadAssembly
Native extension for WindowsStandalone target not found
Refreshing native plugins compatible for Editor in 1.00 ms, found 5 plugins.
Preloading 0 native plugins for Editor in 0.00 ms.
Mono: successfully reloaded assembly
- Completed reload, in  0.826 seconds
Domain Reload Profiling:
	ReloadAssembly (826ms)
		BeginReloadAssembly (95ms)
			ExecutionOrderSort (0ms)
			DisableScriptedObjects (3ms)
			BackupInstance (0ms)
			ReleaseScriptingObjects (0ms)
			CreateAndSetChildDomain (29ms)
		EndReloadAssembly (678ms)
			LoadAssemblies (76ms)
			RebuildTransferFunctionScriptingTraits (0ms)
			SetupTypeCache (250ms)
			ReleaseScriptCaches (1ms)
			RebuildScriptCaches (31ms)
			SetupLoadedEditorAssemblies (232ms)
				LogAssemblyErrors (0ms)
				InitializePlatformSupportModulesInManaged (3ms)
				SetLoadedEditorAssemblies (0ms)
				RefreshPlugins (1ms)
				BeforeProcessingInitializeOnLoad (80ms)
				ProcessInitializeOnLoadAttributes (136ms)
				ProcessInitializeOnLoadMethodAttributes (6ms)
				AfterProcessingInitializeOnLoad (5ms)
				EditorAssembliesLoaded (0ms)
			ExecutionOrderSort2 (0ms)
			AwakeInstancesAfterBackupRestoration (6ms)
Platform modules already initialized, skipping
Switching build target platform(19) subTarget(0) extendedPlatform(0) -> platform(13) subTarget(537395200) extendedPlatform(0)
Refreshing native plugins compatible for Editor in 0.97 ms, found 5 plugins.
Preloading 0 native plugins for Editor in 0.00 ms.
Unloading 2603 Unused Serialized files (Serialized files now loaded: 0)
System memory in use before: 104.0 MB.
System memory in use after: 104.2 MB.

Unloading 70 unused Assets to reduce memory usage. Loaded Objects now: 3013.
Total: 2.796500 ms (FindLiveObjects: 0.253100 ms CreateObjectMapping: 0.063300 ms MarkObjects: 2.432200 ms  DeleteObjects: 0.047200 ms)

AssetImportParameters requested are different than current active one (requested -> active):
  custom:framework-win-MediaFoundation: 216162199b28c13a410421893ffa2e32 -> 
  custom:video-decoder-ogg-theora: a1e56fd34408186e4bbccfd4996cb3dc -> 
  custom:container-muxer-webm: aa71ff27fc2769a1b78a27578f13a17b -> 
  custom:container-demuxer-webm: 4f35f7cbe854078d1ac9338744f61a02 -> 
  custom:container-demuxer-ogg: 62fdf1f143b41e24485cea50d1cbac27 -> 
  custom:video-encoder-webm-vp8: eb34c28f22e8b96e1ab97ce403110664 -> 
  custom:video-decoder-webm-vp8: 9c59270c3fd7afecdb556c50c9e8de78 -> 
  custom:graphics/normal-map-encoding: 01000000000000000000000000000000 -> 02000000000000000000000000000000
  custom:audio-decoder-ogg-vorbis: bf7c407c2cedff20999df2af8eb42d56 -> 
  custom:audio-encoder-webm-vorbis: bf7c407c2cedff20999df2af8eb42d56 -> 
========================================================================
Received Import Request.
  Time since last request: 29.075169 seconds.
  path: Assets/GUI
  artifactKey: Guid(666bcb3d225e43749a379a0d13b98e68) Importer(815301076,1909f56bfc062723c751e8b465ee728b)
Start importing Assets/GUI using Guid(666bcb3d225e43749a379a0d13b98e68) Importer(815301076,1909f56bfc062723c751e8b465ee728b)  -> (artifact id: '6b11795cbf7dbc9897c98f27d08154e3') in 0.006153 seconds 
  Import took 0.009696 seconds .

========================================================================
Received Import Request.
  Time since last request: 19.374274 seconds.
  path: Assets/Models
  artifactKey: Guid(3d9512ac7d718f34eb75ece7cf328b1d) Importer(815301076,1909f56bfc062723c751e8b465ee728b)
Start importing Assets/Models using Guid(3d9512ac7d718f34eb75ece7cf328b1d) Importer(815301076,1909f56bfc062723c751e8b465ee728b)  -> (artifact id: '7e6b905dc1b68e93c4f1bf8a6bffb429') in 0.003501 seconds 
  Import took 0.007525 seconds .

========================================================================
Received Import Request.
  Time since last request: 9.651617 seconds.
  path: Assets/Prefabs
  artifactKey: Guid(96b8de5c07204ce4a8e3aa16eb945b10) Importer(815301076,1909f56bfc062723c751e8b465ee728b)
Start importing Assets/Prefabs using Guid(96b8de5c07204ce4a8e3aa16eb945b10) Importer(815301076,1909f56bfc062723c751e8b465ee728b)  -> (artifact id: 'f30b38fae02c6692415f2e93a0c7026a') in 0.002654 seconds 
  Import took 0.006131 seconds .

========================================================================
Received Import Request.
  Time since last request: 77.519430 seconds.
  path: Assets/Uttilities
  artifactKey: Guid(f9b19c5552b43a343b2f2a94cb9adb37) Importer(815301076,1909f56bfc062723c751e8b465ee728b)
Start importing Assets/Uttilities using Guid(f9b19c5552b43a343b2f2a94cb9adb37) Importer(815301076,1909f56bfc062723c751e8b465ee728b)  -> (artifact id: '135385c9648c7e6302b04c93935adbc6') in 0.002601 seconds 
  Import took 0.006391 seconds .

========================================================================
Received Prepare
Registering precompiled user dll's ...
Registered in 0.008880 seconds.
Begin MonoManager ReloadAssembly
Native extension for WindowsStandalone target not found
Refreshing native plugins compatible for Editor in 0.98 ms, found 5 plugins.
Preloading 0 native plugins for Editor in 0.00 ms.
Mono: successfully reloaded assembly
- Completed reload, in  0.824 seconds
Domain Reload Profiling:
	ReloadAssembly (824ms)
		BeginReloadAssembly (92ms)
			ExecutionOrderSort (0ms)
			DisableScriptedObjects (3ms)
			BackupInstance (0ms)
			ReleaseScriptingObjects (0ms)
			CreateAndSetChildDomain (27ms)
		EndReloadAssembly (680ms)
			LoadAssemblies (72ms)
			RebuildTransferFunctionScriptingTraits (0ms)
			SetupTypeCache (243ms)
			ReleaseScriptCaches (1ms)
			RebuildScriptCaches (31ms)
			SetupLoadedEditorAssemblies (239ms)
				LogAssemblyErrors (0ms)
				InitializePlatformSupportModulesInManaged (3ms)
				SetLoadedEditorAssemblies (0ms)
				RefreshPlugins (1ms)
				BeforeProcessingInitializeOnLoad (85ms)
				ProcessInitializeOnLoadAttributes (136ms)
				ProcessInitializeOnLoadMethodAttributes (7ms)
				AfterProcessingInitializeOnLoad (5ms)
				EditorAssembliesLoaded (0ms)
			ExecutionOrderSort2 (0ms)
			AwakeInstancesAfterBackupRestoration (5ms)
Platform modules already initialized, skipping
Switching build target platform(19) subTarget(0) extendedPlatform(0) -> platform(13) subTarget(537395200) extendedPlatform(0)
Refreshing native plugins compatible for Editor in 0.97 ms, found 5 plugins.
Preloading 0 native plugins for Editor in 0.00 ms.
Unloading 2603 Unused Serialized files (Serialized files now loaded: 0)
System memory in use before: 104.0 MB.
System memory in use after: 104.2 MB.

Unloading 70 unused Assets to reduce memory usage. Loaded Objects now: 3016.
Total: 2.720200 ms (FindLiveObjects: 0.213500 ms CreateObjectMapping: 0.066000 ms MarkObjects: 2.395400 ms  DeleteObjects: 0.044400 ms)

AssetImportParameters requested are different than current active one (requested -> active):
  custom:framework-win-MediaFoundation: 216162199b28c13a410421893ffa2e32 -> 
  custom:video-decoder-ogg-theora: a1e56fd34408186e4bbccfd4996cb3dc -> 
  custom:container-muxer-webm: aa71ff27fc2769a1b78a27578f13a17b -> 
  custom:container-demuxer-webm: 4f35f7cbe854078d1ac9338744f61a02 -> 
  custom:container-demuxer-ogg: 62fdf1f143b41e24485cea50d1cbac27 -> 
  custom:video-encoder-webm-vp8: eb34c28f22e8b96e1ab97ce403110664 -> 
  custom:video-decoder-webm-vp8: 9c59270c3fd7afecdb556c50c9e8de78 -> 
  custom:graphics/normal-map-encoding: 01000000000000000000000000000000 -> 02000000000000000000000000000000
  custom:audio-decoder-ogg-vorbis: bf7c407c2cedff20999df2af8eb42d56 -> 
  custom:audio-encoder-webm-vorbis: bf7c407c2cedff20999df2af8eb42d56 -> 
========================================================================
Received Prepare
Registering precompiled user dll's ...
Registered in 0.009513 seconds.
Begin MonoManager ReloadAssembly
Native extension for WindowsStandalone target not found
Refreshing native plugins compatible for Editor in 1.04 ms, found 5 plugins.
Preloading 0 native plugins for Editor in 0.00 ms.
Mono: successfully reloaded assembly
- Completed reload, in  0.872 seconds
Domain Reload Profiling:
	ReloadAssembly (873ms)
		BeginReloadAssembly (92ms)
			ExecutionOrderSort (0ms)
			DisableScriptedObjects (3ms)
			BackupInstance (0ms)
			ReleaseScriptingObjects (0ms)
			CreateAndSetChildDomain (29ms)
		EndReloadAssembly (726ms)
			LoadAssemblies (78ms)
			RebuildTransferFunctionScriptingTraits (0ms)
			SetupTypeCache (256ms)
			ReleaseScriptCaches (1ms)
			RebuildScriptCaches (33ms)
			SetupLoadedEditorAssemblies (253ms)
				LogAssemblyErrors (0ms)
				InitializePlatformSupportModulesInManaged (4ms)
				SetLoadedEditorAssemblies (0ms)
				RefreshPlugins (1ms)
				BeforeProcessingInitializeOnLoad (86ms)
				ProcessInitializeOnLoadAttributes (149ms)
				ProcessInitializeOnLoadMethodAttributes (7ms)
				AfterProcessingInitializeOnLoad (5ms)
				EditorAssembliesLoaded (0ms)
			ExecutionOrderSort2 (0ms)
			AwakeInstancesAfterBackupRestoration (5ms)
Platform modules already initialized, skipping
Switching build target platform(19) subTarget(0) extendedPlatform(0) -> platform(13) subTarget(537395200) extendedPlatform(0)
Refreshing native plugins compatible for Editor in 1.03 ms, found 5 plugins.
Preloading 0 native plugins for Editor in 0.00 ms.
Unloading 2603 Unused Serialized files (Serialized files now loaded: 0)
System memory in use before: 104.0 MB.
System memory in use after: 104.2 MB.

Unloading 70 unused Assets to reduce memory usage. Loaded Objects now: 3019.
Total: 3.187500 ms (FindLiveObjects: 0.362800 ms CreateObjectMapping: 0.081700 ms MarkObjects: 2.678400 ms  DeleteObjects: 0.063600 ms)

AssetImportParameters requested are different than current active one (requested -> active):
  custom:framework-win-MediaFoundation: 216162199b28c13a410421893ffa2e32 -> 
  custom:video-decoder-ogg-theora: a1e56fd34408186e4bbccfd4996cb3dc -> 
  custom:container-muxer-webm: aa71ff27fc2769a1b78a27578f13a17b -> 
  custom:container-demuxer-webm: 4f35f7cbe854078d1ac9338744f61a02 -> 
  custom:container-demuxer-ogg: 62fdf1f143b41e24485cea50d1cbac27 -> 
  custom:video-encoder-webm-vp8: eb34c28f22e8b96e1ab97ce403110664 -> 
  custom:video-decoder-webm-vp8: 9c59270c3fd7afecdb556c50c9e8de78 -> 
  custom:graphics/normal-map-encoding: 01000000000000000000000000000000 -> 02000000000000000000000000000000
  custom:audio-decoder-ogg-vorbis: bf7c407c2cedff20999df2af8eb42d56 -> 
  custom:audio-encoder-webm-vorbis: bf7c407c2cedff20999df2af8eb42d56 -> 
========================================================================
Received Import Request.
  Time since last request: 302.934448 seconds.
  path: Assets/Mapbox SDK/Mapbox/Unity
  artifactKey: Guid(230696630f4b5443484cd2ab1a257186) Importer(815301076,1909f56bfc062723c751e8b465ee728b)
Start importing Assets/Mapbox SDK/Mapbox/Unity using Guid(230696630f4b5443484cd2ab1a257186) Importer(815301076,1909f56bfc062723c751e8b465ee728b)  -> (artifact id: 'ad597c309f70639416b3b975af79c28b') in 0.006358 seconds 
  Import took 0.010101 seconds .

========================================================================
Received Import Request.
  Time since last request: 0.536882 seconds.
  path: Assets/Mapbox SDK/Mapbox/Textures
  artifactKey: Guid(ddaef7af8cc3345f7a3a01581fb377fd) Importer(815301076,1909f56bfc062723c751e8b465ee728b)
Start importing Assets/Mapbox SDK/Mapbox/Textures using Guid(ddaef7af8cc3345f7a3a01581fb377fd) Importer(815301076,1909f56bfc062723c751e8b465ee728b)  -> (artifact id: 'f4ebce4cbc5433c0eef52bbcc95f7b2d') in 0.002632 seconds 
  Import took 0.006082 seconds .

========================================================================
Received Import Request.
  Time since last request: 0.591419 seconds.
  path: Assets/Mapbox SDK/Mapbox/Shaders
  artifactKey: Guid(ce8bcb7ed11f64e35aa8cd9056463e21) Importer(815301076,1909f56bfc062723c751e8b465ee728b)
Start importing Assets/Mapbox SDK/Mapbox/Shaders using Guid(ce8bcb7ed11f64e35aa8cd9056463e21) Importer(815301076,1909f56bfc062723c751e8b465ee728b)  -> (artifact id: '512333d2cc0d0b2c4df5dc39802f34fc') in 0.002832 seconds 
  Import took 0.006552 seconds .

========================================================================
Received Import Request.
  Time since last request: 0.514739 seconds.
  path: Assets/Mapbox SDK/Mapbox/Resources
  artifactKey: Guid(5a5e985e7333443019481a23949c6167) Importer(815301076,1909f56bfc062723c751e8b465ee728b)
Start importing Assets/Mapbox SDK/Mapbox/Resources using Guid(5a5e985e7333443019481a23949c6167) Importer(815301076,1909f56bfc062723c751e8b465ee728b)  -> (artifact id: '9618126901f274edba9d2773818bd2e2') in 0.002863 seconds 
  Import took 0.006161 seconds .

========================================================================
Received Import Request.
  Time since last request: 1.019831 seconds.
  path: Assets/Mapbox SDK/Mapbox/Materials
  artifactKey: Guid(b7649b69d4931a741ad3dcc8d326087b) Importer(815301076,1909f56bfc062723c751e8b465ee728b)
Start importing Assets/Mapbox SDK/Mapbox/Materials using Guid(b7649b69d4931a741ad3dcc8d326087b) Importer(815301076,1909f56bfc062723c751e8b465ee728b)  -> (artifact id: 'b2817d335ea825fb2524087f420571d1') in 0.002801 seconds 
  Import took 0.006138 seconds .

========================================================================
Received Import Request.
  Time since last request: 3.100583 seconds.
  path: Assets/Mapbox SDK/XR
  artifactKey: Guid(e26bde8727644a04c8294baa0ec1a021) Importer(815301076,1909f56bfc062723c751e8b465ee728b)
Start importing Assets/Mapbox SDK/XR using Guid(e26bde8727644a04c8294baa0ec1a021) Importer(815301076,1909f56bfc062723c751e8b465ee728b)  -> (artifact id: 'edd5452548979917f89e8000e4192125') in 0.002859 seconds 
  Import took 0.006215 seconds .

========================================================================
Received Import Request.
  Time since last request: 0.025478 seconds.
  path: Assets/Mapbox SDK/XR/XRGeneralSettings.asset
  artifactKey: Guid(070296b279f60f9459f3356a0c337d95) Importer(815301076,1909f56bfc062723c751e8b465ee728b)
Start importing Assets/Mapbox SDK/XR/XRGeneralSettings.asset using Guid(070296b279f60f9459f3356a0c337d95) Importer(815301076,1909f56bfc062723c751e8b465ee728b)  -> (artifact id: 'bca64f813c8bba6569a6aec4d047f30d') in 0.026159 seconds 
  Import took 0.030387 seconds .

========================================================================
Received Import Request.
  Time since last request: 1.411354 seconds.
  path: Assets/Mapbox SDK/XR/Loaders
  artifactKey: Guid(b6e5e074d306bec49b34702a2593eb17) Importer(815301076,1909f56bfc062723c751e8b465ee728b)
Start importing Assets/Mapbox SDK/XR/Loaders using Guid(b6e5e074d306bec49b34702a2593eb17) Importer(815301076,1909f56bfc062723c751e8b465ee728b)  -> (artifact id: 'd3af465574330ccd6b2c2f76d4c6aad5') in 0.002770 seconds 
  Import took 0.006291 seconds .

========================================================================
Received Import Request.
  Time since last request: 0.051777 seconds.
  path: Assets/Mapbox SDK/XR/Loaders/AR Core Loader.asset
  artifactKey: Guid(697b5bff3ceb1844eb41bede17640a79) Importer(815301076,1909f56bfc062723c751e8b465ee728b)
Start importing Assets/Mapbox SDK/XR/Loaders/AR Core Loader.asset using Guid(697b5bff3ceb1844eb41bede17640a79) Importer(815301076,1909f56bfc062723c751e8b465ee728b)  -> (artifact id: 'b14e87b893d7888dc05e214970a0436a') in 0.003015 seconds 
  Import took 0.006299 seconds .

========================================================================
Received Import Request.
  Time since last request: 0.000119 seconds.
  path: Assets/Mapbox SDK/XR/Loaders/AR Kit Loader.asset
  artifactKey: Guid(382912d94cc37e44c9b35e2c395e930b) Importer(815301076,1909f56bfc062723c751e8b465ee728b)
Start importing Assets/Mapbox SDK/XR/Loaders/AR Kit Loader.asset using Guid(382912d94cc37e44c9b35e2c395e930b) Importer(815301076,1909f56bfc062723c751e8b465ee728b)  -> (artifact id: 'dafb09163efefb666afd72c94c0e6033') in 0.003876 seconds 
  Import took 0.006600 seconds .

========================================================================
Received Import Request.
  Time since last request: 2.814229 seconds.
  path: Assets/Mapbox SDK/UnityARKitPlugin
  artifactKey: Guid(46ff32aeaba4bcc4eb384cdf7cf29456) Importer(815301076,1909f56bfc062723c751e8b465ee728b)
Start importing Assets/Mapbox SDK/UnityARKitPlugin using Guid(46ff32aeaba4bcc4eb384cdf7cf29456) Importer(815301076,1909f56bfc062723c751e8b465ee728b)  -> (artifact id: '6cff2a74c141a30295a8034353b4745d') in 0.002760 seconds 
  Import took 0.005986 seconds .

========================================================================
Received Import Request.
  Time since last request: 1.631831 seconds.
  path: Assets/Mapbox SDK/UnityARKitPlugin/Resources
  artifactKey: Guid(f6107a01f65b74c0093cf65fc9e9cfcc) Importer(815301076,1909f56bfc062723c751e8b465ee728b)
Start importing Assets/Mapbox SDK/UnityARKitPlugin/Resources using Guid(f6107a01f65b74c0093cf65fc9e9cfcc) Importer(815301076,1909f56bfc062723c751e8b465ee728b)  -> (artifact id: '93b64ab7c1e90e2815eede936ebeaef6') in 0.002184 seconds 
  Import took 0.005739 seconds .

========================================================================
Received Import Request.
  Time since last request: 1.291133 seconds.
  path: Assets/Mapbox SDK/UnityARKitPlugin/Resources/UnityARKitPlugin
  artifactKey: Guid(3872f00b440b04ca98de82d0fca32d68) Importer(815301076,1909f56bfc062723c751e8b465ee728b)
Start importing Assets/Mapbox SDK/UnityARKitPlugin/Resources/UnityARKitPlugin using Guid(3872f00b440b04ca98de82d0fca32d68) Importer(815301076,1909f56bfc062723c751e8b465ee728b)  -> (artifact id: 'a1508a00eb77ce84b1d2afeb07ecc204') in 0.002194 seconds 
  Import took 0.005658 seconds .

========================================================================
Received Import Request.
  Time since last request: 0.045076 seconds.
  path: Assets/Mapbox SDK/UnityARKitPlugin/Resources/UnityARKitPlugin/ARKitSettings.asset
  artifactKey: Guid(feb5449e416a346aaa320dd0a0188ade) Importer(815301076,1909f56bfc062723c751e8b465ee728b)
Start importing Assets/Mapbox SDK/UnityARKitPlugin/Resources/UnityARKitPlugin/ARKitSettings.asset using Guid(feb5449e416a346aaa320dd0a0188ade) Importer(815301076,1909f56bfc062723c751e8b465ee728b)  -> (artifact id: 'ba2aa227b82b4cb514399b500a308e21') in 0.003651 seconds 
  Import took 0.007196 seconds .

========================================================================
Received Import Request.
  Time since last request: 8.374811 seconds.
  path: Assets/Mapbox SDK/Resources
  artifactKey: Guid(633d9d6c8a3e0444a973ca3f136b205f) Importer(815301076,1909f56bfc062723c751e8b465ee728b)
Start importing Assets/Mapbox SDK/Resources using Guid(633d9d6c8a3e0444a973ca3f136b205f) Importer(815301076,1909f56bfc062723c751e8b465ee728b)  -> (artifact id: '50399b120e800d2f345ec41835e773ad') in 0.002188 seconds 
  Import took 0.005503 seconds .

========================================================================
Received Import Request.
  Time since last request: 1.483415 seconds.
  path: Assets/Mapbox SDK/Resources/Mapbox
  artifactKey: Guid(86b8889635e761e4385dbdb8924651a3) Importer(815301076,1909f56bfc062723c751e8b465ee728b)
Start importing Assets/Mapbox SDK/Resources/Mapbox using Guid(86b8889635e761e4385dbdb8924651a3) Importer(815301076,1909f56bfc062723c751e8b465ee728b)  -> (artifact id: '31f375144972508c01010f746556db64') in 0.002209 seconds 
  Import took 0.005595 seconds .

========================================================================
Received Import Request.
  Time since last request: 3.283359 seconds.
  path: Assets/Mapbox SDK/UnityARInterface
  artifactKey: Guid(67e11b50dcd5c7244a9205257784ab20) Importer(815301076,1909f56bfc062723c751e8b465ee728b)
Start importing Assets/Mapbox SDK/UnityARInterface using Guid(67e11b50dcd5c7244a9205257784ab20) Importer(815301076,1909f56bfc062723c751e8b465ee728b)  -> (artifact id: '803cd8192b1e6a0e8bb501629ce51f32') in 0.002717 seconds 
  Import took 0.006213 seconds .

========================================================================
Received Import Request.
  Time since last request: 1.739899 seconds.
  path: Assets/Mapbox SDK/UnityARInterface/Resources
  artifactKey: Guid(793230709e6112b4e838e4adccd4a879) Importer(815301076,1909f56bfc062723c751e8b465ee728b)
Start importing Assets/Mapbox SDK/UnityARInterface/Resources using Guid(793230709e6112b4e838e4adccd4a879) Importer(815301076,1909f56bfc062723c751e8b465ee728b)  -> (artifact id: 'bec4e03f0faf19583ae5b33f6d63aa94') in 0.002255 seconds 
  Import took 0.005878 seconds .

========================================================================
Received Import Request.
  Time since last request: 0.079653 seconds.
  path: Assets/Mapbox SDK/UnityARInterface/Resources/GuiSkin.guiskin
  artifactKey: Guid(eda3469a863a93c419bf83c292590651) Importer(815301076,1909f56bfc062723c751e8b465ee728b)
Start importing Assets/Mapbox SDK/UnityARInterface/Resources/GuiSkin.guiskin using Guid(eda3469a863a93c419bf83c292590651) Importer(815301076,1909f56bfc062723c751e8b465ee728b)  -> (artifact id: '87a91cccb7fd482cbf711886a4de4e1e') in 0.009174 seconds 
  Import took 0.012788 seconds .

========================================================================
Received Import Request.
  Time since last request: 0.000139 seconds.
  path: Assets/Mapbox SDK/UnityARInterface/Resources/YUVMaterial.mat
  artifactKey: Guid(4dd70423979ffd241a7b9e0dab3d9a6e) Importer(815301076,1909f56bfc062723c751e8b465ee728b)
Start importing Assets/Mapbox SDK/UnityARInterface/Resources/YUVMaterial.mat using Guid(4dd70423979ffd241a7b9e0dab3d9a6e) Importer(815301076,1909f56bfc062723c751e8b465ee728b)  -> (artifact id: '84e5124de98aa8843d694b724f7d1e46') in 0.087442 seconds 
  Import took 0.090694 seconds .

========================================================================
Received Import Request.
  Time since last request: 2.811952 seconds.
  path: Assets/Mapbox SDK/UnityARInterface/Prefabs
  artifactKey: Guid(134f585f116ac864f9ec3975a70b36c7) Importer(815301076,1909f56bfc062723c751e8b465ee728b)
Start importing Assets/Mapbox SDK/UnityARInterface/Prefabs using Guid(134f585f116ac864f9ec3975a70b36c7) Importer(815301076,1909f56bfc062723c751e8b465ee728b)  -> (artifact id: '55d5758f86f6e84564bfca373ef85107') in 0.002068 seconds 
  Import took 0.005751 seconds .

========================================================================
Received Import Request.
  Time since last request: 0.083413 seconds.
  path: Assets/Mapbox SDK/UnityARInterface/Prefabs/Level geometry.prefab
  artifactKey: Guid(76ffdac2729fb244bb4461475e5713e3) Importer(815301076,1909f56bfc062723c751e8b465ee728b)
Start importing Assets/Mapbox SDK/UnityARInterface/Prefabs/Level geometry.prefab using Guid(76ffdac2729fb244bb4461475e5713e3) Importer(815301076,1909f56bfc062723c751e8b465ee728b)  -> (artifact id: '78bceed9dcc6c13eb027b83b70bbaccc') in 0.189674 seconds 
  Import took 0.193407 seconds .

========================================================================
Received Import Request.
  Time since last request: 0.000175 seconds.
  path: Assets/Mapbox SDK/UnityARInterface/Prefabs/PhysicsBall.prefab
  artifactKey: Guid(58942a2bec0857e449f6c238f4848795) Importer(815301076,1909f56bfc062723c751e8b465ee728b)
Start importing Assets/Mapbox SDK/UnityARInterface/Prefabs/PhysicsBall.prefab using Guid(58942a2bec0857e449f6c238f4848795) Importer(815301076,1909f56bfc062723c751e8b465ee728b)  -> (artifact id: '0f79b0dfce7a22664fdbe756155807f0') in 0.011609 seconds 
  Import took 0.015097 seconds .

========================================================================
Received Import Request.
  Time since last request: 0.000162 seconds.
  path: Assets/Mapbox SDK/UnityARInterface/Prefabs/PlacedObject.prefab
  artifactKey: Guid(9c4538f612b79d74da244c6a9410b9bd) Importer(815301076,1909f56bfc062723c751e8b465ee728b)
Start importing Assets/Mapbox SDK/UnityARInterface/Prefabs/PlacedObject.prefab using Guid(9c4538f612b79d74da244c6a9410b9bd) Importer(815301076,1909f56bfc062723c751e8b465ee728b)  -> (artifact id: '162bffb41ff3d6709013bad9b09ecdbf') in 0.010242 seconds 
  Import took 0.013322 seconds .

========================================================================
Received Import Request.
  Time since last request: 2.031922 seconds.
  path: Assets/Mapbox SDK/UnityARInterface/Examples
  artifactKey: Guid(aa60fc87151f94f718e218353afef430) Importer(815301076,1909f56bfc062723c751e8b465ee728b)
Start importing Assets/Mapbox SDK/UnityARInterface/Examples using Guid(aa60fc87151f94f718e218353afef430) Importer(815301076,1909f56bfc062723c751e8b465ee728b)  -> (artifact id: 'b0baf6d457ccb7f5aaec870a8164cc2e') in 0.002630 seconds 
  Import took 0.006214 seconds .

========================================================================
Received Import Request.
  Time since last request: 1.959964 seconds.
  path: Assets/Mapbox SDK/UnityARInterface/ARRemote
  artifactKey: Guid(6a6310a833df044b6ae89452415af2bb) Importer(815301076,1909f56bfc062723c751e8b465ee728b)
Start importing Assets/Mapbox SDK/UnityARInterface/ARRemote using Guid(6a6310a833df044b6ae89452415af2bb) Importer(815301076,1909f56bfc062723c751e8b465ee728b)  -> (artifact id: 'b049c2fe9958df19209dc7f4f5ba56cd') in 0.002801 seconds 
  Import took 0.006316 seconds .

========================================================================
Received Import Request.
  Time since last request: 2.060157 seconds.
  path: Assets/Mapbox SDK/UnityARInterface/Scripts
  artifactKey: Guid(52e08e52baa762541ad39891b9a3269a) Importer(815301076,1909f56bfc062723c751e8b465ee728b)
Start importing Assets/Mapbox SDK/UnityARInterface/Scripts using Guid(52e08e52baa762541ad39891b9a3269a) Importer(815301076,1909f56bfc062723c751e8b465ee728b)  -> (artifact id: '036b95781038030c73fa1da2521ee104') in 0.002922 seconds 
  Import took 0.006405 seconds .

========================================================================
Received Import Request.
  Time since last request: 15.953745 seconds.
  path: Assets/Mapbox SDK/GoogleARCore/Configurations
  artifactKey: Guid(6b1cded3497844b35a3bfac966b428f2) Importer(815301076,1909f56bfc062723c751e8b465ee728b)
Start importing Assets/Mapbox SDK/GoogleARCore/Configurations using Guid(6b1cded3497844b35a3bfac966b428f2) Importer(815301076,1909f56bfc062723c751e8b465ee728b)  -> (artifact id: '60b68d08362061aae2dc3325002b9265') in 0.002709 seconds 
  Import took 0.006260 seconds .

========================================================================
Received Import Request.
  Time since last request: 0.114404 seconds.
  path: Assets/Mapbox SDK/GoogleARCore/Configurations/DefaultSessionConfig.asset
  artifactKey: Guid(9586a84d6c32f46b6ab7aeb6042f160d) Importer(815301076,1909f56bfc062723c751e8b465ee728b)
Start importing Assets/Mapbox SDK/GoogleARCore/Configurations/DefaultSessionConfig.asset using Guid(9586a84d6c32f46b6ab7aeb6042f160d) Importer(815301076,1909f56bfc062723c751e8b465ee728b)  -> (artifact id: 'd8b48ed119775a30fa7a0fd2b21a0779') in 0.003275 seconds 
  Import took 0.006672 seconds .

========================================================================
Received Import Request.
  Time since last request: 1.755236 seconds.
  path: Assets/Mapbox SDK/GoogleARCore/Examples
  artifactKey: Guid(165068a6255814b639ac5e322836d8bb) Importer(815301076,1909f56bfc062723c751e8b465ee728b)
Start importing Assets/Mapbox SDK/GoogleARCore/Examples using Guid(165068a6255814b639ac5e322836d8bb) Importer(815301076,1909f56bfc062723c751e8b465ee728b)  -> (artifact id: 'f357a3c04663a05d0f150a88cf31b050') in 0.002204 seconds 
  Import took 0.005569 seconds .

========================================================================
Received Import Request.
  Time since last request: 1.068504 seconds.
  path: Assets/Mapbox SDK/GoogleARCore/Examples/ComputerVision
  artifactKey: Guid(7af44c1128a614f72a62d613e2c5b61d) Importer(815301076,1909f56bfc062723c751e8b465ee728b)
Start importing Assets/Mapbox SDK/GoogleARCore/Examples/ComputerVision using Guid(7af44c1128a614f72a62d613e2c5b61d) Importer(815301076,1909f56bfc062723c751e8b465ee728b)  -> (artifact id: '4d037039bdc95392ff7587e00eaa93f0') in 0.003164 seconds 
  Import took 0.007056 seconds .

========================================================================
Received Import Request.
  Time since last request: 1.952222 seconds.
  path: Assets/Mapbox SDK/GoogleARCore/Examples/ComputerVision/Materials
  artifactKey: Guid(bec192a39069f44f8ae625bd826b4e53) Importer(815301076,1909f56bfc062723c751e8b465ee728b)
Start importing Assets/Mapbox SDK/GoogleARCore/Examples/ComputerVision/Materials using Guid(bec192a39069f44f8ae625bd826b4e53) Importer(815301076,1909f56bfc062723c751e8b465ee728b)  -> (artifact id: '3066b8adda01adb432cd1a2bbb7cea8b') in 0.002237 seconds 
  Import took 0.005479 seconds .

========================================================================
Received Import Request.
  Time since last request: 0.089844 seconds.
  path: Assets/Mapbox SDK/GoogleARCore/Examples/ComputerVision/Materials/AREdgeDetectionBackgroundMaterial.mat
  artifactKey: Guid(44aa46aeaaf4d46a79e18f3e2da31ccc) Importer(815301076,1909f56bfc062723c751e8b465ee728b)
Start importing Assets/Mapbox SDK/GoogleARCore/Examples/ComputerVision/Materials/AREdgeDetectionBackgroundMaterial.mat using Guid(44aa46aeaaf4d46a79e18f3e2da31ccc) Importer(815301076,1909f56bfc062723c751e8b465ee728b)  -> (artifact id: '9dc4ab11b88c1e1d7f77f0a4d741c3f0') in 0.008876 seconds 
  Import took 0.012481 seconds .

========================================================================
Received Import Request.
  Time since last request: 2.105685 seconds.
  path: Assets/Mapbox SDK/GoogleARCore/Examples/ComputerVision/Plugins
  artifactKey: Guid(5c8e17f48a997417eac4ae975493b6a1) Importer(815301076,1909f56bfc062723c751e8b465ee728b)
Start importing Assets/Mapbox SDK/GoogleARCore/Examples/ComputerVision/Plugins using Guid(5c8e17f48a997417eac4ae975493b6a1) Importer(815301076,1909f56bfc062723c751e8b465ee728b)  -> (artifact id: '6688e3259639692b6c4b84e8b7f41f96') in 0.002826 seconds 
  Import took 0.006478 seconds .

========================================================================
Received Import Request.
  Time since last request: 2.289555 seconds.
  path: Assets/Mapbox SDK/GoogleARCore/Examples/ComputerVision/Scenes
  artifactKey: Guid(ed63ed01b7e4c427d8d897825c5ed5dd) Importer(815301076,1909f56bfc062723c751e8b465ee728b)
Start importing Assets/Mapbox SDK/GoogleARCore/Examples/ComputerVision/Scenes using Guid(ed63ed01b7e4c427d8d897825c5ed5dd) Importer(815301076,1909f56bfc062723c751e8b465ee728b)  -> (artifact id: '2afe9da65dff18cb08bc952ea2148776') in 0.002699 seconds 
  Import took 0.006129 seconds .

========================================================================
Received Import Request.
  Time since last request: 2.024887 seconds.
  path: Assets/Mapbox SDK/GoogleARCore/Examples/ComputerVision/Scripts
  artifactKey: Guid(02f1f705271f6408cb81efb900b3b2bb) Importer(815301076,1909f56bfc062723c751e8b465ee728b)
Start importing Assets/Mapbox SDK/GoogleARCore/Examples/ComputerVision/Scripts using Guid(02f1f705271f6408cb81efb900b3b2bb) Importer(815301076,1909f56bfc062723c751e8b465ee728b)  -> (artifact id: '6aaecbdcded7b78238ae1e4b4fe44a27') in 0.002183 seconds 
  Import took 0.006293 seconds .

========================================================================
Received Import Request.
  Time since last request: 4.876766 seconds.
  path: Assets/Mapbox SDK/GoogleARCore/Prefabs
  artifactKey: Guid(a00108229b1e04acd805e57abcdff773) Importer(815301076,1909f56bfc062723c751e8b465ee728b)
Start importing Assets/Mapbox SDK/GoogleARCore/Prefabs using Guid(a00108229b1e04acd805e57abcdff773) Importer(815301076,1909f56bfc062723c751e8b465ee728b)  -> (artifact id: '34b658f6b7fe4c0c958703d9f0a6a5fd') in 0.002153 seconds 
  Import took 0.005513 seconds .

========================================================================
Received Import Request.
  Time since last request: 0.047821 seconds.
  path: Assets/Mapbox SDK/GoogleARCore/Prefabs/ARCore Device.prefab
  artifactKey: Guid(c10877f7cd5764de18d46d7b777d1faa) Importer(815301076,1909f56bfc062723c751e8b465ee728b)
Start importing Assets/Mapbox SDK/GoogleARCore/Prefabs/ARCore Device.prefab using Guid(c10877f7cd5764de18d46d7b777d1faa) Importer(815301076,1909f56bfc062723c751e8b465ee728b)  -> (artifact id: '3b26f1b93d1f000ae4f6fa5d4e4d7b08') in 0.005408 seconds 
  Import took 0.008969 seconds .

========================================================================
Received Import Request.
  Time since last request: 0.000134 seconds.
  path: Assets/Mapbox SDK/GoogleARCore/Prefabs/Environmental Light.prefab
  artifactKey: Guid(cf498fc35b538884db557f7a9a2c0ef9) Importer(815301076,1909f56bfc062723c751e8b465ee728b)
Start importing Assets/Mapbox SDK/GoogleARCore/Prefabs/Environmental Light.prefab using Guid(cf498fc35b538884db557f7a9a2c0ef9) Importer(815301076,1909f56bfc062723c751e8b465ee728b)  -> (artifact id: 'b5ac616ad662c3fb44a9dbcf70116d10') in 0.004730 seconds 
  Import took 0.007598 seconds .

========================================================================
Received Import Request.
  Time since last request: 2.512744 seconds.
  path: Assets/Mapbox SDK/GoogleARCore/SDK
  artifactKey: Guid(84e45386d8da3497591c38deb2bccd02) Importer(815301076,1909f56bfc062723c751e8b465ee728b)
Start importing Assets/Mapbox SDK/GoogleARCore/SDK using Guid(84e45386d8da3497591c38deb2bccd02) Importer(815301076,1909f56bfc062723c751e8b465ee728b)  -> (artifact id: 'ace64e11499d3dacccf69e413e20710a') in 0.002893 seconds 
  Import took 0.006428 seconds .

========================================================================
Received Import Request.
  Time since last request: 1.381335 seconds.
  path: Assets/Mapbox SDK/GoogleARCore/SDK/Scripts
  artifactKey: Guid(8f3875959d8dd4bdeb9620e0eb96fb3b) Importer(815301076,1909f56bfc062723c751e8b465ee728b)
Start importing Assets/Mapbox SDK/GoogleARCore/SDK/Scripts using Guid(8f3875959d8dd4bdeb9620e0eb96fb3b) Importer(815301076,1909f56bfc062723c751e8b465ee728b)  -> (artifact id: 'cfc3846ae356b501c38cea80d61f67ad') in 0.002330 seconds 
  Import took 0.005902 seconds .

========================================================================
Received Import Request.
  Time since last request: 3.759567 seconds.
  path: Assets/Mapbox SDK/GoogleARCore/SDK/Plugins
  artifactKey: Guid(93be2b9777c348648a2d9151b7e233fc) Importer(815301076,1909f56bfc062723c751e8b465ee728b)
Start importing Assets/Mapbox SDK/GoogleARCore/SDK/Plugins using Guid(93be2b9777c348648a2d9151b7e233fc) Importer(815301076,1909f56bfc062723c751e8b465ee728b)  -> (artifact id: '4a2ac0c2f75da8014fc6e7bcfb2936a9') in 0.002277 seconds 
  Import took 0.005775 seconds .

========================================================================
Received Import Request.
  Time since last request: 18.170196 seconds.
  path: Assets/Mapbox SDK/GoogleARCore/SDK/Materials
  artifactKey: Guid(b2c4e904b5e6b425f8ab111db67d7908) Importer(815301076,1909f56bfc062723c751e8b465ee728b)
Start importing Assets/Mapbox SDK/GoogleARCore/SDK/Materials using Guid(b2c4e904b5e6b425f8ab111db67d7908) Importer(815301076,1909f56bfc062723c751e8b465ee728b)  -> (artifact id: '9d9710817ae84129942dc965be3dc73c') in 0.002139 seconds 
  Import took 0.005619 seconds .

========================================================================
Received Import Request.
  Time since last request: 0.037646 seconds.
  path: Assets/Mapbox SDK/GoogleARCore/SDK/Materials/ARBackground.mat
  artifactKey: Guid(03ad0130a037647aeb60218f61aca114) Importer(815301076,1909f56bfc062723c751e8b465ee728b)
Start importing Assets/Mapbox SDK/GoogleARCore/SDK/Materials/ARBackground.mat using Guid(03ad0130a037647aeb60218f61aca114) Importer(815301076,1909f56bfc062723c751e8b465ee728b)  -> (artifact id: '76e9771b34eb92ad39855ef278b86558') in 0.025820 seconds 
  Import took 0.029492 seconds .

========================================================================
Received Import Request.
  Time since last request: 54.898473 seconds.
  path: Assets/Mapbox SDK/Mapbox/Unity/Location
  artifactKey: Guid(8ef01f907e34d4888af041661232ec58) Importer(815301076,1909f56bfc062723c751e8b465ee728b)
Start importing Assets/Mapbox SDK/Mapbox/Unity/Location using Guid(8ef01f907e34d4888af041661232ec58) Importer(815301076,1909f56bfc062723c751e8b465ee728b)  -> (artifact id: '85184112130878951d7e7853b35b8697') in 0.002765 seconds 
  Import took 0.006225 seconds .

========================================================================
Received Import Request.
  Time since last request: 1.441155 seconds.
  path: Assets/Mapbox SDK/Mapbox/Unity/Location/LocationSmoothing
  artifactKey: Guid(a46b0caa775595d4e9f98b6af5df5056) Importer(815301076,1909f56bfc062723c751e8b465ee728b)
Start importing Assets/Mapbox SDK/Mapbox/Unity/Location/LocationSmoothing using Guid(a46b0caa775595d4e9f98b6af5df5056) Importer(815301076,1909f56bfc062723c751e8b465ee728b)  -> (artifact id: '02ecad0b4697dda32267cfb5c6d31837') in 0.002769 seconds 
  Import took 0.006567 seconds .

========================================================================
Received Import Request.
  Time since last request: 1.283617 seconds.
  path: Assets/Mapbox SDK/Mapbox/Unity/Location/ExampleGpsTraces
  artifactKey: Guid(8232a48e0bb26b34caa7b4733871a9c3) Importer(815301076,1909f56bfc062723c751e8b465ee728b)
Start importing Assets/Mapbox SDK/Mapbox/Unity/Location/ExampleGpsTraces using Guid(8232a48e0bb26b34caa7b4733871a9c3) Importer(815301076,1909f56bfc062723c751e8b465ee728b)  -> (artifact id: '5a2e437c0fe62b6e83ed05111d1b0e7c') in 0.002807 seconds 
  Import took 0.006298 seconds .

========================================================================
Received Import Request.
  Time since last request: 1.481192 seconds.
  path: Assets/Mapbox SDK/Mapbox/Unity/Location/AngleSmoothing
  artifactKey: Guid(a6514d9c3a647294ab532e1232696c50) Importer(815301076,1909f56bfc062723c751e8b465ee728b)
Start importing Assets/Mapbox SDK/Mapbox/Unity/Location/AngleSmoothing using Guid(a6514d9c3a647294ab532e1232696c50) Importer(815301076,1909f56bfc062723c751e8b465ee728b)  -> (artifact id: '02d49d2eef5fe40b6ae0288afca8e535') in 0.002720 seconds 
  Import took 0.006274 seconds .

========================================================================
Received Import Request.
  Time since last request: 5.561437 seconds.
  path: Assets/Mapbox SDK/Mapbox/Unity/Map
  artifactKey: Guid(42ef37aa061534ce9a9e3a6c1b9d4eb7) Importer(815301076,1909f56bfc062723c751e8b465ee728b)
Start importing Assets/Mapbox SDK/Mapbox/Unity/Map using Guid(42ef37aa061534ce9a9e3a6c1b9d4eb7) Importer(815301076,1909f56bfc062723c751e8b465ee728b)  -> (artifact id: 'dfb8689cdbb226919aef4f68cccb8b1e') in 0.002180 seconds 
  Import took 0.005744 seconds .

========================================================================
Received Import Request.
  Time since last request: 1.345861 seconds.
  path: Assets/Mapbox SDK/Mapbox/Unity/Map/TileProviders
  artifactKey: Guid(59af73b59e6beff4abd67db34649e6e1) Importer(815301076,1909f56bfc062723c751e8b465ee728b)
Start importing Assets/Mapbox SDK/Mapbox/Unity/Map/TileProviders using Guid(59af73b59e6beff4abd67db34649e6e1) Importer(815301076,1909f56bfc062723c751e8b465ee728b)  -> (artifact id: 'fd8917b51d9f2d30d1eb17bf8ed5a57b') in 0.002942 seconds 
  Import took 0.006574 seconds .

========================================================================
Received Import Request.
  Time since last request: 0.445436 seconds.
  path: Assets/Mapbox SDK/Mapbox/Unity/Map/Strategies
  artifactKey: Guid(817a1846479397d458272568e8bb804f) Importer(815301076,1909f56bfc062723c751e8b465ee728b)
Start importing Assets/Mapbox SDK/Mapbox/Unity/Map/Strategies using Guid(817a1846479397d458272568e8bb804f) Importer(815301076,1909f56bfc062723c751e8b465ee728b)  -> (artifact id: '9e37079b8d9217c0b487037474bfff4c') in 0.003327 seconds 
  Import took 0.006875 seconds .

========================================================================
Received Import Request.
  Time since last request: 0.827141 seconds.
  path: Assets/Mapbox SDK/Mapbox/Unity/Map/Interfaces
  artifactKey: Guid(d3f7157c1c1f94f4aaac6081e3449f9b) Importer(815301076,1909f56bfc062723c751e8b465ee728b)
Start importing Assets/Mapbox SDK/Mapbox/Unity/Map/Interfaces using Guid(d3f7157c1c1f94f4aaac6081e3449f9b) Importer(815301076,1909f56bfc062723c751e8b465ee728b)  -> (artifact id: '467b926c9d98484a637643e70dcf3e3a') in 0.002667 seconds 
  Import took 0.006678 seconds .

========================================================================
Received Import Request.
  Time since last request: 14.041853 seconds.
  path: Assets/Mapbox SDK/Mapbox/Examples
  artifactKey: Guid(f8423c737b7de472293248d205081118) Importer(815301076,1909f56bfc062723c751e8b465ee728b)
Start importing Assets/Mapbox SDK/Mapbox/Examples using Guid(f8423c737b7de472293248d205081118) Importer(815301076,1909f56bfc062723c751e8b465ee728b)  -> (artifact id: 'b4bafa673b35750acb0a1e0a765f43ff') in 0.002276 seconds 
  Import took 0.005964 seconds .

========================================================================
Received Import Request.
  Time since last request: 0.809612 seconds.
  path: Assets/Mapbox SDK/Mapbox/Examples/1_DataExplorer
  artifactKey: Guid(59ed766f3a74135449dc3f48437e1ca0) Importer(815301076,1909f56bfc062723c751e8b465ee728b)
Start importing Assets/Mapbox SDK/Mapbox/Examples/1_DataExplorer using Guid(59ed766f3a74135449dc3f48437e1ca0) Importer(815301076,1909f56bfc062723c751e8b465ee728b)  -> (artifact id: '0d6107ef2987d5d32b5fe4854f36dc65') in 0.002728 seconds 
  Import took 0.006364 seconds .

========================================================================
Received Import Request.
  Time since last request: 1.165749 seconds.
  path: Assets/Mapbox SDK/Mapbox/Examples/0_PrefabScenes
  artifactKey: Guid(92f3e82375653496096ea1948ead762b) Importer(815301076,1909f56bfc062723c751e8b465ee728b)
Start importing Assets/Mapbox SDK/Mapbox/Examples/0_PrefabScenes using Guid(92f3e82375653496096ea1948ead762b) Importer(815301076,1909f56bfc062723c751e8b465ee728b)  -> (artifact id: '3a28c7667eea44a39a14f9b63e1f24ff') in 0.002987 seconds 
  Import took 0.006424 seconds .

========================================================================
Received Import Request.
  Time since last request: 6.121427 seconds.
  path: Assets/Mapbox SDK/MapboxAR
  artifactKey: Guid(e9b6e59af332ab549a84c67ae911036f) Importer(815301076,1909f56bfc062723c751e8b465ee728b)
Start importing Assets/Mapbox SDK/MapboxAR using Guid(e9b6e59af332ab549a84c67ae911036f) Importer(815301076,1909f56bfc062723c751e8b465ee728b)  -> (artifact id: 'be2804657dcbc7809a49e924256fad1c') in 0.002749 seconds 
  Import took 0.006196 seconds .

========================================================================
Received Import Request.
  Time since last request: 147.195222 seconds.
  path: Assets/Mapbox SDK/Mapbox/Materials/frameTest.mat
  artifactKey: Guid(8b1bace0619934bbd966f8b67360472c) Importer(815301076,1909f56bfc062723c751e8b465ee728b)
Start importing Assets/Mapbox SDK/Mapbox/Materials/frameTest.mat using Guid(8b1bace0619934bbd966f8b67360472c) Importer(815301076,1909f56bfc062723c751e8b465ee728b)  -> (artifact id: 'bd52d659be4584e058578892496f0ce9') in 0.009793 seconds 
  Import took 0.013477 seconds .

========================================================================
Received Import Request.
  Time since last request: 0.000140 seconds.
  path: Assets/Mapbox SDK/Mapbox/Materials/MaskTest.mat
  artifactKey: Guid(af23ad1f77579405eb8e5010eab51186) Importer(815301076,1909f56bfc062723c751e8b465ee728b)
Start importing Assets/Mapbox SDK/Mapbox/Materials/MaskTest.mat using Guid(af23ad1f77579405eb8e5010eab51186) Importer(815301076,1909f56bfc062723c751e8b465ee728b)  -> (artifact id: '56a32ae368db04f00867a6a66647ec26') in 0.009135 seconds 
  Import took 0.012869 seconds .

========================================================================
Received Import Request.
  Time since last request: 0.000183 seconds.
  path: Assets/Mapbox SDK/Mapbox/Materials/LoadingMaterial.mat
  artifactKey: Guid(e486fb1a0b4233944af95fee011a22e0) Importer(815301076,1909f56bfc062723c751e8b465ee728b)
Start importing Assets/Mapbox SDK/Mapbox/Materials/LoadingMaterial.mat using Guid(e486fb1a0b4233944af95fee011a22e0) Importer(815301076,1909f56bfc062723c751e8b465ee728b)  -> (artifact id: '507fe0590a9403991c19c47542679ae8') in 0.031405 seconds 
  Import took 0.034847 seconds .

========================================================================
Received Import Request.
  Time since last request: 8.025541 seconds.
  path: Assets/Mapbox SDK/Mapbox/Core
  artifactKey: Guid(9baba017b10fa4eaeab33dade1902adb) Importer(815301076,1909f56bfc062723c751e8b465ee728b)
Start importing Assets/Mapbox SDK/Mapbox/Core using Guid(9baba017b10fa4eaeab33dade1902adb) Importer(815301076,1909f56bfc062723c751e8b465ee728b)  -> (artifact id: '95556ae8afd016c2ed39526b2bc063df') in 0.002905 seconds 
  Import took 0.006593 seconds .

========================================================================
Received Import Request.
  Time since last request: 3.241546 seconds.
  path: Assets/Mapbox SDK/Mapbox/Fonts
  artifactKey: Guid(3d729f28e8e9e4c73874798680125792) Importer(815301076,1909f56bfc062723c751e8b465ee728b)
Start importing Assets/Mapbox SDK/Mapbox/Fonts using Guid(3d729f28e8e9e4c73874798680125792) Importer(815301076,1909f56bfc062723c751e8b465ee728b)  -> (artifact id: '63b4f82bf6a163f776a32a07f2050481') in 0.002974 seconds 
  Import took 0.006628 seconds .

========================================================================
Received Import Request.
  Time since last request: 0.232584 seconds.
  path: Assets/Mapbox SDK/Mapbox/Fonts/OpenSans-Bold.ttf
  artifactKey: Guid(7dfc2e1472ac84e1bb749a8a9f934483) Importer(815301076,1909f56bfc062723c751e8b465ee728b)
Start importing Assets/Mapbox SDK/Mapbox/Fonts/OpenSans-Bold.ttf using Guid(7dfc2e1472ac84e1bb749a8a9f934483) Importer(815301076,1909f56bfc062723c751e8b465ee728b)  -> (artifact id: '11c603b341b6310b6ba5ba04debb056e') in 0.037433 seconds 
  Import took 0.041597 seconds .

========================================================================
Received Import Request.
  Time since last request: 0.000131 seconds.
  path: Assets/Mapbox SDK/Mapbox/Fonts/OpenSans-Semibold.ttf
  artifactKey: Guid(218956a5c2a6e42d6a60afccf80b002b) Importer(815301076,1909f56bfc062723c751e8b465ee728b)
Start importing Assets/Mapbox SDK/Mapbox/Fonts/OpenSans-Semibold.ttf using Guid(218956a5c2a6e42d6a60afccf80b002b) Importer(815301076,1909f56bfc062723c751e8b465ee728b)  -> (artifact id: '39c642c41a4dd12f662b442d53c97d3f') in 0.016513 seconds 
  Import took 0.019528 seconds .

========================================================================
Received Import Request.
  Time since last request: 0.000153 seconds.
  path: Assets/Mapbox SDK/Mapbox/Fonts/OpenSans-Regular.ttf
  artifactKey: Guid(bd1ea67ca2b5742d1a24fcbdc17c55e1) Importer(815301076,1909f56bfc062723c751e8b465ee728b)
Start importing Assets/Mapbox SDK/Mapbox/Fonts/OpenSans-Regular.ttf using Guid(bd1ea67ca2b5742d1a24fcbdc17c55e1) Importer(815301076,1909f56bfc062723c751e8b465ee728b)  -> (artifact id: '3b5238eb44d9b1afd5bb222b1a5c9596') in 0.014811 seconds 
  Import took 0.017837 seconds .

========================================================================
Received Import Request.
  Time since last request: 16.592576 seconds.
  path: Assets/Mapbox SDK/Mapbox/Unity/Location/Logging
  artifactKey: Guid(57ce5991286556c4e974aeb3a99c9675) Importer(815301076,1909f56bfc062723c751e8b465ee728b)
Start importing Assets/Mapbox SDK/Mapbox/Unity/Location/Logging using Guid(57ce5991286556c4e974aeb3a99c9675) Importer(815301076,1909f56bfc062723c751e8b465ee728b)  -> (artifact id: '26ea897ed794baf0a4ad28473fa1cec5') in 0.003513 seconds 
  Import took 0.007189 seconds .

========================================================================
Received Import Request.
  Time since last request: 0.509757 seconds.
  path: Assets/Mapbox SDK/Mapbox/Unity/Location/Plugins
  artifactKey: Guid(43baaadfc9d32d541a1ee7a2eb96ec13) Importer(815301076,1909f56bfc062723c751e8b465ee728b)
Start importing Assets/Mapbox SDK/Mapbox/Unity/Location/Plugins using Guid(43baaadfc9d32d541a1ee7a2eb96ec13) Importer(815301076,1909f56bfc062723c751e8b465ee728b)  -> (artifact id: '45052e1c290d9f421af3092f1a44a864') in 0.002218 seconds 
  Import took 0.005674 seconds .

========================================================================
Received Import Request.
  Time since last request: 0.716438 seconds.
  path: Assets/Mapbox SDK/Mapbox/Unity/Location/UnityLocationWrappers
  artifactKey: Guid(69e8d23f97397e1479ae641ffce10426) Importer(815301076,1909f56bfc062723c751e8b465ee728b)
Start importing Assets/Mapbox SDK/Mapbox/Unity/Location/UnityLocationWrappers using Guid(69e8d23f97397e1479ae641ffce10426) Importer(815301076,1909f56bfc062723c751e8b465ee728b)  -> (artifact id: '53ea565e75614c4710d60b9c5e25314b') in 0.002603 seconds 
  Import took 0.006589 seconds .

========================================================================
Received Import Request.
  Time since last request: 6.931844 seconds.
  path: Assets/Mapbox SDK/Mapbox/Unity/Utilities
  artifactKey: Guid(3d10bbba7a3d94e2989079bc02fa1f98) Importer(815301076,1909f56bfc062723c751e8b465ee728b)
Start importing Assets/Mapbox SDK/Mapbox/Unity/Utilities using Guid(3d10bbba7a3d94e2989079bc02fa1f98) Importer(815301076,1909f56bfc062723c751e8b465ee728b)  -> (artifact id: '54ff02fea35a3f8823a03c5c05afc43d') in 0.002785 seconds 
  Import took 0.006389 seconds .

========================================================================
Received Import Request.
  Time since last request: 67.031711 seconds.
  path: Assets/Mapbox SDK/Mapbox/Textures/CornerPanelRadius_12px_Fill.png
  artifactKey: Guid(ae30072a59a25814e8cfe4b1f70242ed) Importer(815301076,1909f56bfc062723c751e8b465ee728b)
Start importing Assets/Mapbox SDK/Mapbox/Textures/CornerPanelRadius_12px_Fill.png using Guid(ae30072a59a25814e8cfe4b1f70242ed) Importer(815301076,1909f56bfc062723c751e8b465ee728b)  -> (artifact id: '577ccff7d14bb066e3a45f555b6c9584') in 0.025545 seconds 
  Import took 0.029324 seconds .

========================================================================
Received Import Request.
  Time since last request: 0.000150 seconds.
  path: Assets/Mapbox SDK/Mapbox/Textures/loadinggrid.png
  artifactKey: Guid(e2896a92727704803a9c422b043eae89) Importer(815301076,1909f56bfc062723c751e8b465ee728b)
Start importing Assets/Mapbox SDK/Mapbox/Textures/loadinggrid.png using Guid(e2896a92727704803a9c422b043eae89) Importer(815301076,1909f56bfc062723c751e8b465ee728b)  -> (artifact id: '7f17fe814865664a516cba958ad592a6') in 0.009105 seconds 
  Import took 0.012325 seconds .

========================================================================
Received Import Request.
  Time since last request: 0.000150 seconds.
  path: Assets/Mapbox SDK/Mapbox/Textures/mapbox-attribution.png
  artifactKey: Guid(066eb96836b694d168eff135bd2aeaca) Importer(815301076,1909f56bfc062723c751e8b465ee728b)
Start importing Assets/Mapbox SDK/Mapbox/Textures/mapbox-attribution.png using Guid(066eb96836b694d168eff135bd2aeaca) Importer(815301076,1909f56bfc062723c751e8b465ee728b)  -> (artifact id: '7b6ec830c411151a516d40866febb471') in 0.014057 seconds 
  Import took 0.017244 seconds .

========================================================================
Received Import Request.
  Time since last request: 0.000185 seconds.
  path: Assets/Mapbox SDK/Mapbox/Textures/CornerPanelRadius_12px_Stroke_1px.png
  artifactKey: Guid(184ca10c8fb4d4c4b988276fd798c9dc) Importer(815301076,1909f56bfc062723c751e8b465ee728b)
Start importing Assets/Mapbox SDK/Mapbox/Textures/CornerPanelRadius_12px_Stroke_1px.png using Guid(184ca10c8fb4d4c4b988276fd798c9dc) Importer(815301076,1909f56bfc062723c751e8b465ee728b)  -> (artifact id: '8c38d78a6fc89baafdf50d670be50548') in 0.015715 seconds 
  Import took 0.018976 seconds .

========================================================================
Received Import Request.
  Time since last request: 0.000176 seconds.
  path: Assets/Mapbox SDK/Mapbox/Textures/info.png
  artifactKey: Guid(82852ff66538d44ccb63c5afc39708a5) Importer(815301076,1909f56bfc062723c751e8b465ee728b)
Start importing Assets/Mapbox SDK/Mapbox/Textures/info.png using Guid(82852ff66538d44ccb63c5afc39708a5) Importer(815301076,1909f56bfc062723c751e8b465ee728b)  -> (artifact id: 'c74e225fb794fdffa082a5c7dde79cfc') in 0.022866 seconds 
  Import took 0.026627 seconds .

========================================================================
Received Import Request.
  Time since last request: 0.000152 seconds.
  path: Assets/Mapbox SDK/Mapbox/Textures/mapbox-logo-white.png
  artifactKey: Guid(fa730453dea644416a34148b2e436e78) Importer(815301076,1909f56bfc062723c751e8b465ee728b)
Start importing Assets/Mapbox SDK/Mapbox/Textures/mapbox-logo-white.png using Guid(fa730453dea644416a34148b2e436e78) Importer(815301076,1909f56bfc062723c751e8b465ee728b)  -> (artifact id: '4020a1c6ca25922d5f7791f8385858d5') in 0.014237 seconds 
  Import took 0.017443 seconds .

========================================================================
Received Import Request.
  Time since last request: 94.094441 seconds.
  path: Assets/Mapbox SDK/Mapbox/Core/probe-extractor-cs
  artifactKey: Guid(d5e1c6b7d1367a6499dae6c38bf2a085) Importer(815301076,1909f56bfc062723c751e8b465ee728b)
Start importing Assets/Mapbox SDK/Mapbox/Core/probe-extractor-cs using Guid(d5e1c6b7d1367a6499dae6c38bf2a085) Importer(815301076,1909f56bfc062723c751e8b465ee728b)  -> (artifact id: '4855f39f67e914f8204e3fc6a9050e11') in 0.002909 seconds 
  Import took 0.006712 seconds .

========================================================================
Received Import Request.
  Time since last request: 32.109064 seconds.
  path: Assets/Mapbox SDK/Mapbox/Examples/0_PrefabScenes/Location-basedGame.unity
  artifactKey: Guid(42f6aa7ce7a604f16ade319663f46ceb) Importer(815301076,1909f56bfc062723c751e8b465ee728b)
Start importing Assets/Mapbox SDK/Mapbox/Examples/0_PrefabScenes/Location-basedGame.unity using Guid(42f6aa7ce7a604f16ade319663f46ceb) Importer(815301076,1909f56bfc062723c751e8b465ee728b)  -> (artifact id: '70e328b137522c0a00fe7e6da6df6c55') in 0.003243 seconds 
  Import took 0.006785 seconds .

========================================================================
Received Prepare
Registering precompiled user dll's ...
Registered in 0.009274 seconds.
Begin MonoManager ReloadAssembly
Native extension for WindowsStandalone target not found
Refreshing native plugins compatible for Editor in 0.98 ms, found 5 plugins.
Preloading 0 native plugins for Editor in 0.00 ms.
Mono: successfully reloaded assembly
- Completed reload, in  0.822 seconds
Domain Reload Profiling:
	ReloadAssembly (823ms)
		BeginReloadAssembly (93ms)
			ExecutionOrderSort (0ms)
			DisableScriptedObjects (3ms)
			BackupInstance (0ms)
			ReleaseScriptingObjects (0ms)
			CreateAndSetChildDomain (28ms)
		EndReloadAssembly (677ms)
			LoadAssemblies (72ms)
			RebuildTransferFunctionScriptingTraits (0ms)
			SetupTypeCache (238ms)
			ReleaseScriptCaches (1ms)
			RebuildScriptCaches (30ms)
			SetupLoadedEditorAssemblies (230ms)
				LogAssemblyErrors (0ms)
				InitializePlatformSupportModulesInManaged (3ms)
				SetLoadedEditorAssemblies (1ms)
				RefreshPlugins (1ms)
				BeforeProcessingInitializeOnLoad (79ms)
				ProcessInitializeOnLoadAttributes (134ms)
				ProcessInitializeOnLoadMethodAttributes (7ms)
				AfterProcessingInitializeOnLoad (5ms)
				EditorAssembliesLoaded (0ms)
			ExecutionOrderSort2 (0ms)
			AwakeInstancesAfterBackupRestoration (5ms)
Platform modules already initialized, skipping
Switching build target platform(19) subTarget(0) extendedPlatform(0) -> platform(13) subTarget(537395200) extendedPlatform(0)
Refreshing native plugins compatible for Editor in 1.00 ms, found 5 plugins.
Preloading 0 native plugins for Editor in 0.00 ms.
Unloading 2603 Unused Serialized files (Serialized files now loaded: 0)
System memory in use before: 107.7 MB.
System memory in use after: 107.9 MB.

Unloading 72 unused Assets to reduce memory usage. Loaded Objects now: 3082.
Total: 2.813400 ms (FindLiveObjects: 0.255200 ms CreateObjectMapping: 0.058800 ms MarkObjects: 2.428800 ms  DeleteObjects: 0.069100 ms)

AssetImportParameters requested are different than current active one (requested -> active):
  custom:framework-win-MediaFoundation: 216162199b28c13a410421893ffa2e32 -> 
  custom:video-decoder-ogg-theora: a1e56fd34408186e4bbccfd4996cb3dc -> 
  custom:container-muxer-webm: aa71ff27fc2769a1b78a27578f13a17b -> 
  custom:container-demuxer-webm: 4f35f7cbe854078d1ac9338744f61a02 -> 
  custom:container-demuxer-ogg: 62fdf1f143b41e24485cea50d1cbac27 -> 
  custom:video-encoder-webm-vp8: eb34c28f22e8b96e1ab97ce403110664 -> 
  custom:video-decoder-webm-vp8: 9c59270c3fd7afecdb556c50c9e8de78 -> 
  custom:graphics/normal-map-encoding: 01000000000000000000000000000000 -> 02000000000000000000000000000000
  custom:audio-decoder-ogg-vorbis: bf7c407c2cedff20999df2af8eb42d56 -> 
  custom:audio-encoder-webm-vorbis: bf7c407c2cedff20999df2af8eb42d56 -> 
========================================================================
Received Import Request.
  Time since last request: 1124.972798 seconds.
  path: Assets/Scenes
  artifactKey: Guid(326200c08536f874caf089cc4a587812) Importer(815301076,1909f56bfc062723c751e8b465ee728b)
Start importing Assets/Scenes using Guid(326200c08536f874caf089cc4a587812) Importer(815301076,1909f56bfc062723c751e8b465ee728b)  -> (artifact id: '8022ae1a90b0f0d9a87f8078a4a181df') in 0.006372 seconds 
  Import took 0.010342 seconds .

========================================================================
Received Import Request.
  Time since last request: 1.389032 seconds.
  path: Assets/Scenes/City.unity
  artifactKey: Guid(c68e8f0d53b768343b45299eb07f257d) Importer(815301076,1909f56bfc062723c751e8b465ee728b)
Start importing Assets/Scenes/City.unity using Guid(c68e8f0d53b768343b45299eb07f257d) Importer(815301076,1909f56bfc062723c751e8b465ee728b)  -> (artifact id: 'dde9a9263a8518b2a6807bb56dbc46a6') in 0.009668 seconds 
  Import took 0.013771 seconds .

========================================================================
Received Import Request.
  Time since last request: 3.138564 seconds.
  path: Assets/Scenes/SampleScene.unity
  artifactKey: Guid(9fc0d4010bbf28b4594072e72b8655ab) Importer(815301076,1909f56bfc062723c751e8b465ee728b)
Start importing Assets/Scenes/SampleScene.unity using Guid(9fc0d4010bbf28b4594072e72b8655ab) Importer(815301076,1909f56bfc062723c751e8b465ee728b)  -> (artifact id: '85059f4f9e1a832ed95adaa0d25c5c4c') in 0.003035 seconds 
  Import took 0.006557 seconds .

========================================================================
Received Prepare
Registering precompiled user dll's ...
Registered in 0.008979 seconds.
Begin MonoManager ReloadAssembly
Native extension for WindowsStandalone target not found
Refreshing native plugins compatible for Editor in 1.29 ms, found 5 plugins.
Preloading 0 native plugins for Editor in 0.00 ms.
Mono: successfully reloaded assembly
- Completed reload, in  0.840 seconds
Domain Reload Profiling:
	ReloadAssembly (840ms)
		BeginReloadAssembly (91ms)
			ExecutionOrderSort (0ms)
			DisableScriptedObjects (3ms)
			BackupInstance (0ms)
			ReleaseScriptingObjects (0ms)
			CreateAndSetChildDomain (27ms)
		EndReloadAssembly (695ms)
			LoadAssemblies (73ms)
			RebuildTransferFunctionScriptingTraits (0ms)
			SetupTypeCache (243ms)
			ReleaseScriptCaches (1ms)
			RebuildScriptCaches (33ms)
			SetupLoadedEditorAssemblies (234ms)
				LogAssemblyErrors (0ms)
				InitializePlatformSupportModulesInManaged (3ms)
				SetLoadedEditorAssemblies (0ms)
				RefreshPlugins (1ms)
				BeforeProcessingInitializeOnLoad (80ms)
				ProcessInitializeOnLoadAttributes (137ms)
				ProcessInitializeOnLoadMethodAttributes (7ms)
				AfterProcessingInitializeOnLoad (5ms)
				EditorAssembliesLoaded (0ms)
			ExecutionOrderSort2 (0ms)
			AwakeInstancesAfterBackupRestoration (5ms)
Platform modules already initialized, skipping
Switching build target platform(19) subTarget(0) extendedPlatform(0) -> platform(13) subTarget(537395200) extendedPlatform(0)
Refreshing native plugins compatible for Editor in 0.97 ms, found 5 plugins.
Preloading 0 native plugins for Editor in 0.00 ms.
Unloading 2603 Unused Serialized files (Serialized files now loaded: 0)
System memory in use before: 107.7 MB.
System memory in use after: 107.9 MB.

Unloading 70 unused Assets to reduce memory usage. Loaded Objects now: 3085.
Total: 2.825800 ms (FindLiveObjects: 0.223900 ms CreateObjectMapping: 0.063100 ms MarkObjects: 2.495300 ms  DeleteObjects: 0.042900 ms)

AssetImportParameters requested are different than current active one (requested -> active):
  custom:framework-win-MediaFoundation: 216162199b28c13a410421893ffa2e32 -> 
  custom:video-decoder-ogg-theora: a1e56fd34408186e4bbccfd4996cb3dc -> 
  custom:container-muxer-webm: aa71ff27fc2769a1b78a27578f13a17b -> 
  custom:container-demuxer-webm: 4f35f7cbe854078d1ac9338744f61a02 -> 
  custom:container-demuxer-ogg: 62fdf1f143b41e24485cea50d1cbac27 -> 
  custom:video-encoder-webm-vp8: eb34c28f22e8b96e1ab97ce403110664 -> 
  custom:video-decoder-webm-vp8: 9c59270c3fd7afecdb556c50c9e8de78 -> 
  custom:graphics/normal-map-encoding: 01000000000000000000000000000000 -> 02000000000000000000000000000000
  custom:audio-decoder-ogg-vorbis: bf7c407c2cedff20999df2af8eb42d56 -> 
  custom:audio-encoder-webm-vorbis: bf7c407c2cedff20999df2af8eb42d56 -> 
========================================================================
Received Prepare
Registering precompiled user dll's ...
Registered in 0.008944 seconds.
Begin MonoManager ReloadAssembly
Native extension for WindowsStandalone target not found
Refreshing native plugins compatible for Editor in 0.99 ms, found 5 plugins.
Preloading 0 native plugins for Editor in 0.00 ms.
Mono: successfully reloaded assembly
- Completed reload, in  0.842 seconds
Domain Reload Profiling:
	ReloadAssembly (842ms)
		BeginReloadAssembly (91ms)
			ExecutionOrderSort (0ms)
			DisableScriptedObjects (4ms)
			BackupInstance (0ms)
			ReleaseScriptingObjects (0ms)
			CreateAndSetChildDomain (28ms)
		EndReloadAssembly (697ms)
			LoadAssemblies (73ms)
			RebuildTransferFunctionScriptingTraits (0ms)
			SetupTypeCache (241ms)
			ReleaseScriptCaches (1ms)
			RebuildScriptCaches (32ms)
			SetupLoadedEditorAssemblies (237ms)
				LogAssemblyErrors (0ms)
				InitializePlatformSupportModulesInManaged (3ms)
				SetLoadedEditorAssemblies (0ms)
				RefreshPlugins (1ms)
				BeforeProcessingInitializeOnLoad (80ms)
				ProcessInitializeOnLoadAttributes (139ms)
				ProcessInitializeOnLoadMethodAttributes (7ms)
				AfterProcessingInitializeOnLoad (5ms)
				EditorAssembliesLoaded (0ms)
			ExecutionOrderSort2 (0ms)
			AwakeInstancesAfterBackupRestoration (5ms)
Platform modules already initialized, skipping
Switching build target platform(19) subTarget(0) extendedPlatform(0) -> platform(13) subTarget(537395200) extendedPlatform(0)
Refreshing native plugins compatible for Editor in 0.97 ms, found 5 plugins.
Preloading 0 native plugins for Editor in 0.00 ms.
Unloading 2603 Unused Serialized files (Serialized files now loaded: 0)
System memory in use before: 107.7 MB.
System memory in use after: 107.9 MB.

Unloading 70 unused Assets to reduce memory usage. Loaded Objects now: 3088.
Total: 2.924900 ms (FindLiveObjects: 0.217500 ms CreateObjectMapping: 0.063300 ms MarkObjects: 2.580900 ms  DeleteObjects: 0.061800 ms)

AssetImportParameters requested are different than current active one (requested -> active):
  custom:framework-win-MediaFoundation: 216162199b28c13a410421893ffa2e32 -> 
  custom:video-decoder-ogg-theora: a1e56fd34408186e4bbccfd4996cb3dc -> 
  custom:container-muxer-webm: aa71ff27fc2769a1b78a27578f13a17b -> 
  custom:container-demuxer-webm: 4f35f7cbe854078d1ac9338744f61a02 -> 
  custom:container-demuxer-ogg: 62fdf1f143b41e24485cea50d1cbac27 -> 
  custom:video-encoder-webm-vp8: eb34c28f22e8b96e1ab97ce403110664 -> 
  custom:video-decoder-webm-vp8: 9c59270c3fd7afecdb556c50c9e8de78 -> 
  custom:graphics/normal-map-encoding: 01000000000000000000000000000000 -> 02000000000000000000000000000000
  custom:audio-decoder-ogg-vorbis: bf7c407c2cedff20999df2af8eb42d56 -> 
  custom:audio-encoder-webm-vorbis: bf7c407c2cedff20999df2af8eb42d56 -> 
========================================================================
Received Prepare
Registering precompiled user dll's ...
Registered in 0.009090 seconds.
Begin MonoManager ReloadAssembly
Native extension for WindowsStandalone target not found
Refreshing native plugins compatible for Editor in 0.98 ms, found 5 plugins.
Preloading 0 native plugins for Editor in 0.00 ms.
Mono: successfully reloaded assembly
- Completed reload, in  0.845 seconds
Domain Reload Profiling:
	ReloadAssembly (845ms)
		BeginReloadAssembly (98ms)
			ExecutionOrderSort (0ms)
			DisableScriptedObjects (3ms)
			BackupInstance (0ms)
			ReleaseScriptingObjects (0ms)
			CreateAndSetChildDomain (27ms)
		EndReloadAssembly (694ms)
			LoadAssemblies (72ms)
			RebuildTransferFunctionScriptingTraits (0ms)
			SetupTypeCache (239ms)
			ReleaseScriptCaches (1ms)
			RebuildScriptCaches (31ms)
			SetupLoadedEditorAssemblies (233ms)
				LogAssemblyErrors (0ms)
				InitializePlatformSupportModulesInManaged (3ms)
				SetLoadedEditorAssemblies (0ms)
				RefreshPlugins (1ms)
				BeforeProcessingInitializeOnLoad (80ms)
				ProcessInitializeOnLoadAttributes (136ms)
				ProcessInitializeOnLoadMethodAttributes (7ms)
				AfterProcessingInitializeOnLoad (5ms)
				EditorAssembliesLoaded (0ms)
			ExecutionOrderSort2 (0ms)
			AwakeInstancesAfterBackupRestoration (5ms)
Platform modules already initialized, skipping
Switching build target platform(19) subTarget(0) extendedPlatform(0) -> platform(13) subTarget(537395200) extendedPlatform(0)
Refreshing native plugins compatible for Editor in 1.00 ms, found 5 plugins.
Preloading 0 native plugins for Editor in 0.00 ms.
Unloading 2603 Unused Serialized files (Serialized files now loaded: 0)
System memory in use before: 107.7 MB.
System memory in use after: 107.9 MB.

Unloading 70 unused Assets to reduce memory usage. Loaded Objects now: 3091.
Total: 3.125300 ms (FindLiveObjects: 0.278900 ms CreateObjectMapping: 0.065900 ms MarkObjects: 2.717100 ms  DeleteObjects: 0.062400 ms)

AssetImportParameters requested are different than current active one (requested -> active):
  custom:framework-win-MediaFoundation: 216162199b28c13a410421893ffa2e32 -> 
  custom:video-decoder-ogg-theora: a1e56fd34408186e4bbccfd4996cb3dc -> 
  custom:container-muxer-webm: aa71ff27fc2769a1b78a27578f13a17b -> 
  custom:container-demuxer-webm: 4f35f7cbe854078d1ac9338744f61a02 -> 
  custom:container-demuxer-ogg: 62fdf1f143b41e24485cea50d1cbac27 -> 
  custom:video-encoder-webm-vp8: eb34c28f22e8b96e1ab97ce403110664 -> 
  custom:video-decoder-webm-vp8: 9c59270c3fd7afecdb556c50c9e8de78 -> 
  custom:graphics/normal-map-encoding: 01000000000000000000000000000000 -> 02000000000000000000000000000000
  custom:audio-decoder-ogg-vorbis: bf7c407c2cedff20999df2af8eb42d56 -> 
  custom:audio-encoder-webm-vorbis: bf7c407c2cedff20999df2af8eb42d56 -> 
========================================================================
Received Prepare
Registering precompiled user dll's ...
Registered in 0.008939 seconds.
Begin MonoManager ReloadAssembly
Native extension for WindowsStandalone target not found
Refreshing native plugins compatible for Editor in 1.00 ms, found 5 plugins.
Preloading 0 native plugins for Editor in 0.00 ms.
Mono: successfully reloaded assembly
- Completed reload, in  0.849 seconds
Domain Reload Profiling:
	ReloadAssembly (849ms)
		BeginReloadAssembly (96ms)
			ExecutionOrderSort (0ms)
			DisableScriptedObjects (4ms)
			BackupInstance (0ms)
			ReleaseScriptingObjects (0ms)
			CreateAndSetChildDomain (26ms)
		EndReloadAssembly (700ms)
			LoadAssemblies (74ms)
			RebuildTransferFunctionScriptingTraits (0ms)
			SetupTypeCache (240ms)
			ReleaseScriptCaches (1ms)
			RebuildScriptCaches (31ms)
			SetupLoadedEditorAssemblies (233ms)
				LogAssemblyErrors (0ms)
				InitializePlatformSupportModulesInManaged (3ms)
				SetLoadedEditorAssemblies (0ms)
				RefreshPlugins (1ms)
				BeforeProcessingInitializeOnLoad (80ms)
				ProcessInitializeOnLoadAttributes (137ms)
				ProcessInitializeOnLoadMethodAttributes (7ms)
				AfterProcessingInitializeOnLoad (5ms)
				EditorAssembliesLoaded (0ms)
			ExecutionOrderSort2 (0ms)
			AwakeInstancesAfterBackupRestoration (5ms)
Platform modules already initialized, skipping
Switching build target platform(19) subTarget(0) extendedPlatform(0) -> platform(13) subTarget(537395200) extendedPlatform(0)
Refreshing native plugins compatible for Editor in 0.98 ms, found 5 plugins.
Preloading 0 native plugins for Editor in 0.00 ms.
Unloading 2603 Unused Serialized files (Serialized files now loaded: 0)
System memory in use before: 107.7 MB.
System memory in use after: 107.9 MB.

Unloading 70 unused Assets to reduce memory usage. Loaded Objects now: 3094.
Total: 2.889900 ms (FindLiveObjects: 0.209200 ms CreateObjectMapping: 0.063700 ms MarkObjects: 2.557700 ms  DeleteObjects: 0.058400 ms)

AssetImportParameters requested are different than current active one (requested -> active):
  custom:framework-win-MediaFoundation: 216162199b28c13a410421893ffa2e32 -> 
  custom:video-decoder-ogg-theora: a1e56fd34408186e4bbccfd4996cb3dc -> 
  custom:container-muxer-webm: aa71ff27fc2769a1b78a27578f13a17b -> 
  custom:container-demuxer-webm: 4f35f7cbe854078d1ac9338744f61a02 -> 
  custom:container-demuxer-ogg: 62fdf1f143b41e24485cea50d1cbac27 -> 
  custom:video-encoder-webm-vp8: eb34c28f22e8b96e1ab97ce403110664 -> 
  custom:video-decoder-webm-vp8: 9c59270c3fd7afecdb556c50c9e8de78 -> 
  custom:graphics/normal-map-encoding: 01000000000000000000000000000000 -> 02000000000000000000000000000000
  custom:audio-decoder-ogg-vorbis: bf7c407c2cedff20999df2af8eb42d56 -> 
  custom:audio-encoder-webm-vorbis: bf7c407c2cedff20999df2af8eb42d56 -> 
========================================================================
Received Prepare
Registering precompiled user dll's ...
Registered in 0.010068 seconds.
Begin MonoManager ReloadAssembly
Native extension for WindowsStandalone target not found
Refreshing native plugins compatible for Editor in 2.23 ms, found 5 plugins.
Preloading 0 native plugins for Editor in 0.00 ms.
Mono: successfully reloaded assembly
- Completed reload, in  1.009 seconds
Domain Reload Profiling:
	ReloadAssembly (1010ms)
		BeginReloadAssembly (113ms)
			ExecutionOrderSort (0ms)
			DisableScriptedObjects (5ms)
			BackupInstance (0ms)
			ReleaseScriptingObjects (0ms)
			CreateAndSetChildDomain (30ms)
		EndReloadAssembly (836ms)
			LoadAssemblies (86ms)
			RebuildTransferFunctionScriptingTraits (0ms)
			SetupTypeCache (279ms)
			ReleaseScriptCaches (1ms)
			RebuildScriptCaches (38ms)
			SetupLoadedEditorAssemblies (280ms)
				LogAssemblyErrors (0ms)
				InitializePlatformSupportModulesInManaged (4ms)
				SetLoadedEditorAssemblies (0ms)
				RefreshPlugins (2ms)
				BeforeProcessingInitializeOnLoad (95ms)
				ProcessInitializeOnLoadAttributes (163ms)
				ProcessInitializeOnLoadMethodAttributes (9ms)
				AfterProcessingInitializeOnLoad (6ms)
				EditorAssembliesLoaded (0ms)
			ExecutionOrderSort2 (0ms)
			AwakeInstancesAfterBackupRestoration (5ms)
Platform modules already initialized, skipping
Switching build target platform(19) subTarget(0) extendedPlatform(0) -> platform(13) subTarget(537395200) extendedPlatform(0)
Refreshing native plugins compatible for Editor in 1.20 ms, found 5 plugins.
Preloading 0 native plugins for Editor in 0.00 ms.
Unloading 2603 Unused Serialized files (Serialized files now loaded: 0)
System memory in use before: 107.7 MB.
System memory in use after: 107.9 MB.

Unloading 70 unused Assets to reduce memory usage. Loaded Objects now: 3097.
Total: 3.016700 ms (FindLiveObjects: 0.273900 ms CreateObjectMapping: 0.058400 ms MarkObjects: 2.625200 ms  DeleteObjects: 0.058200 ms)

AssetImportParameters requested are different than current active one (requested -> active):
  custom:framework-win-MediaFoundation: 216162199b28c13a410421893ffa2e32 -> 
  custom:video-decoder-ogg-theora: a1e56fd34408186e4bbccfd4996cb3dc -> 
  custom:container-muxer-webm: aa71ff27fc2769a1b78a27578f13a17b -> 
  custom:container-demuxer-webm: 4f35f7cbe854078d1ac9338744f61a02 -> 
  custom:container-demuxer-ogg: 62fdf1f143b41e24485cea50d1cbac27 -> 
  custom:video-encoder-webm-vp8: eb34c28f22e8b96e1ab97ce403110664 -> 
  custom:video-decoder-webm-vp8: 9c59270c3fd7afecdb556c50c9e8de78 -> 
  custom:graphics/normal-map-encoding: 01000000000000000000000000000000 -> 02000000000000000000000000000000
  custom:audio-decoder-ogg-vorbis: bf7c407c2cedff20999df2af8eb42d56 -> 
  custom:audio-encoder-webm-vorbis: bf7c407c2cedff20999df2af8eb42d56 -> 
AssetImportWorkerClient::OnTransportError - code=2 error=End of file
